[2024-07-09 12:59:00] local.ERROR: cURL error 28: Operation timed out after 30001 milliseconds with 0 bytes received (see https://curl.haxx.se/libcurl/c/libcurl-errors.html) for http://ip-api.com/php/172.18.0.1  
[2024-07-09 12:59:48] local.ERROR: cURL error 28: Operation timed out after 30001 milliseconds with 0 bytes received (see https://curl.haxx.se/libcurl/c/libcurl-errors.html) for http://ip-api.com/php/172.18.0.1  
[2024-07-09 12:59:48] local.ERROR: Broken pipe or closed connection {"exception":"[object] (PhpAmqpLib\\Exception\\AMQPConnectionClosedException(code: 32): Broken pipe or closed connection at /var/www/vendor/php-amqplib/php-amqplib/PhpAmqpLib/Wire/IO/StreamIO.php:251)
[stacktrace]
#0 /var/www/vendor/php-amqplib/php-amqplib/PhpAmqpLib/Connection/AbstractConnection.php(410): PhpAmqpLib\\Wire\\IO\\StreamIO->write('\\x01\\x00\\x01\\x00\\x00\\x00\\r\\x00<\\x00Z\\x00\\x00\\x00\\x00...')
#1 /var/www/vendor/php-amqplib/php-amqplib/PhpAmqpLib/Connection/AbstractConnection.php(540): PhpAmqpLib\\Connection\\AbstractConnection->write('\\x01\\x00\\x01\\x00\\x00\\x00\\r\\x00<\\x00Z\\x00\\x00\\x00\\x00...')
#2 /var/www/vendor/php-amqplib/php-amqplib/PhpAmqpLib/Channel/AbstractChannel.php(245): PhpAmqpLib\\Connection\\AbstractConnection->send_channel_method_frame(1, Array, Object(PhpAmqpLib\\Wire\\AMQPWriter))
#3 /var/www/vendor/php-amqplib/php-amqplib/PhpAmqpLib/Channel/AMQPChannel.php(1333): PhpAmqpLib\\Channel\\AbstractChannel->send_method_frame(Array, Object(PhpAmqpLib\\Wire\\AMQPWriter))
#4 /var/www/vendor/vladimir-yuldashev/laravel-queue-rabbitmq/src/Queue/RabbitMQQueue.php(505): PhpAmqpLib\\Channel\\AMQPChannel->basic_reject(116, false)
#5 /var/www/vendor/vladimir-yuldashev/laravel-queue-rabbitmq/src/Queue/Jobs/RabbitMQJob.php(94): VladimirYuldashev\\LaravelQueueRabbitMQ\\Queue\\RabbitMQQueue->reject(Object(VladimirYuldashev\\LaravelQueueRabbitMQ\\Queue\\Jobs\\RabbitMQJob))
#6 /var/www/vendor/laravel/framework/src/Illuminate/Queue/Jobs/Job.php(180): VladimirYuldashev\\LaravelQueueRabbitMQ\\Queue\\Jobs\\RabbitMQJob->markAsFailed()
#7 /var/www/vendor/laravel/framework/src/Illuminate/Queue/Worker.php(582): Illuminate\\Queue\\Jobs\\Job->fail(Object(PhpAmqpLib\\Exception\\AMQPConnectionClosedException))
#8 /var/www/vendor/laravel/framework/src/Illuminate/Queue/Worker.php(528): Illuminate\\Queue\\Worker->failJob(Object(VladimirYuldashev\\LaravelQueueRabbitMQ\\Queue\\Jobs\\RabbitMQJob), Object(PhpAmqpLib\\Exception\\AMQPConnectionClosedException))
#9 /var/www/vendor/laravel/framework/src/Illuminate/Queue/Worker.php(451): Illuminate\\Queue\\Worker->markJobAsFailedIfWillExceedMaxAttempts('rabbitmq', Object(VladimirYuldashev\\LaravelQueueRabbitMQ\\Queue\\Jobs\\RabbitMQJob), 1, Object(PhpAmqpLib\\Exception\\AMQPConnectionClosedException))
#10 /var/www/vendor/laravel/framework/src/Illuminate/Queue/Worker.php(429): Illuminate\\Queue\\Worker->handleJobException('rabbitmq', Object(VladimirYuldashev\\LaravelQueueRabbitMQ\\Queue\\Jobs\\RabbitMQJob), Object(Illuminate\\Queue\\WorkerOptions), Object(PhpAmqpLib\\Exception\\AMQPConnectionClosedException))
#11 /var/www/vendor/laravel/framework/src/Illuminate/Queue/Worker.php(375): Illuminate\\Queue\\Worker->process('rabbitmq', Object(VladimirYuldashev\\LaravelQueueRabbitMQ\\Queue\\Jobs\\RabbitMQJob), Object(Illuminate\\Queue\\WorkerOptions))
#12 /var/www/vendor/vladimir-yuldashev/laravel-queue-rabbitmq/src/Consumer.php(123): Illuminate\\Queue\\Worker->runJob(Object(VladimirYuldashev\\LaravelQueueRabbitMQ\\Queue\\Jobs\\RabbitMQJob), 'rabbitmq', Object(Illuminate\\Queue\\WorkerOptions))
#13 [internal function]: VladimirYuldashev\\LaravelQueueRabbitMQ\\Consumer->VladimirYuldashev\\LaravelQueueRabbitMQ\\{closure}(Object(PhpAmqpLib\\Message\\AMQPMessage))
#14 /var/www/vendor/php-amqplib/php-amqplib/PhpAmqpLib/Channel/AMQPChannel.php(1048): call_user_func(Object(Closure), Object(PhpAmqpLib\\Message\\AMQPMessage))
#15 [internal function]: PhpAmqpLib\\Channel\\AMQPChannel->basic_deliver(Object(PhpAmqpLib\\Wire\\AMQPBufferReader), Object(PhpAmqpLib\\Message\\AMQPMessage))
#16 /var/www/vendor/php-amqplib/php-amqplib/PhpAmqpLib/Channel/AbstractChannel.php(217): call_user_func(Array, Object(PhpAmqpLib\\Wire\\AMQPBufferReader), Object(PhpAmqpLib\\Message\\AMQPMessage))
#17 /var/www/vendor/php-amqplib/php-amqplib/PhpAmqpLib/Channel/AbstractChannel.php(363): PhpAmqpLib\\Channel\\AbstractChannel->dispatch('60,60', '0laravel_defaul...', Object(PhpAmqpLib\\Message\\AMQPMessage))
#18 /var/www/vendor/vladimir-yuldashev/laravel-queue-rabbitmq/src/Consumer.php(149): PhpAmqpLib\\Channel\\AbstractChannel->wait(NULL, true, NULL)
#19 /var/www/vendor/laravel/framework/src/Illuminate/Queue/Console/WorkCommand.php(147): VladimirYuldashev\\LaravelQueueRabbitMQ\\Consumer->daemon('rabbitmq', 'default', Object(Illuminate\\Queue\\WorkerOptions))
#20 /var/www/vendor/laravel/framework/src/Illuminate/Queue/Console/WorkCommand.php(130): Illuminate\\Queue\\Console\\WorkCommand->runWorker('rabbitmq', 'default')
#21 /var/www/vendor/vladimir-yuldashev/laravel-queue-rabbitmq/src/Console/ConsumeCommand.php(48): Illuminate\\Queue\\Console\\WorkCommand->handle()
#22 /var/www/vendor/laravel/framework/src/Illuminate/Container/BoundMethod.php(36): VladimirYuldashev\\LaravelQueueRabbitMQ\\Console\\ConsumeCommand->handle()
#23 /var/www/vendor/laravel/framework/src/Illuminate/Container/Util.php(41): Illuminate\\Container\\BoundMethod::Illuminate\\Container\\{closure}()
#24 /var/www/vendor/laravel/framework/src/Illuminate/Container/BoundMethod.php(93): Illuminate\\Container\\Util::unwrapIfClosure(Object(Closure))
#25 /var/www/vendor/laravel/framework/src/Illuminate/Container/BoundMethod.php(35): Illuminate\\Container\\BoundMethod::callBoundMethod(Object(Illuminate\\Foundation\\Application), Array, Object(Closure))
#26 /var/www/vendor/laravel/framework/src/Illuminate/Container/Container.php(661): Illuminate\\Container\\BoundMethod::call(Object(Illuminate\\Foundation\\Application), Array, Array, NULL)
#27 /var/www/vendor/laravel/framework/src/Illuminate/Console/Command.php(183): Illuminate\\Container\\Container->call(Array)
#28 /var/www/vendor/symfony/console/Command/Command.php(326): Illuminate\\Console\\Command->execute(Object(Symfony\\Component\\Console\\Input\\ArgvInput), Object(Illuminate\\Console\\OutputStyle))
#29 /var/www/vendor/laravel/framework/src/Illuminate/Console/Command.php(152): Symfony\\Component\\Console\\Command\\Command->run(Object(Symfony\\Component\\Console\\Input\\ArgvInput), Object(Illuminate\\Console\\OutputStyle))
#30 /var/www/vendor/symfony/console/Application.php(1078): Illuminate\\Console\\Command->run(Object(Symfony\\Component\\Console\\Input\\ArgvInput), Object(Symfony\\Component\\Console\\Output\\ConsoleOutput))
#31 /var/www/vendor/symfony/console/Application.php(324): Symfony\\Component\\Console\\Application->doRunCommand(Object(VladimirYuldashev\\LaravelQueueRabbitMQ\\Console\\ConsumeCommand), Object(Symfony\\Component\\Console\\Input\\ArgvInput), Object(Symfony\\Component\\Console\\Output\\ConsoleOutput))
#32 /var/www/vendor/symfony/console/Application.php(175): Symfony\\Component\\Console\\Application->doRun(Object(Symfony\\Component\\Console\\Input\\ArgvInput), Object(Symfony\\Component\\Console\\Output\\ConsoleOutput))
#33 /var/www/vendor/laravel/framework/src/Illuminate/Console/Application.php(102): Symfony\\Component\\Console\\Application->run(Object(Symfony\\Component\\Console\\Input\\ArgvInput), Object(Symfony\\Component\\Console\\Output\\ConsoleOutput))
#34 /var/www/vendor/laravel/framework/src/Illuminate/Foundation/Console/Kernel.php(155): Illuminate\\Console\\Application->run(Object(Symfony\\Component\\Console\\Input\\ArgvInput), Object(Symfony\\Component\\Console\\Output\\ConsoleOutput))
#35 /var/www/artisan(35): Illuminate\\Foundation\\Console\\Kernel->handle(Object(Symfony\\Component\\Console\\Input\\ArgvInput), Object(Symfony\\Component\\Console\\Output\\ConsoleOutput))
#36 {main}
"} 
[2024-07-09 12:59:48] local.ERROR: Broken pipe or closed connection {"exception":"[object] (PhpAmqpLib\\Exception\\AMQPConnectionClosedException(code: 0): Broken pipe or closed connection at /var/www/vendor/php-amqplib/php-amqplib/PhpAmqpLib/Connection/AbstractConnection.php:590)
[stacktrace]
#0 /var/www/vendor/php-amqplib/php-amqplib/PhpAmqpLib/Connection/AbstractConnection.php(654): PhpAmqpLib\\Connection\\AbstractConnection->wait_frame(NULL)
#1 /var/www/vendor/php-amqplib/php-amqplib/PhpAmqpLib/Channel/AbstractChannel.php(232): PhpAmqpLib\\Connection\\AbstractConnection->wait_channel(1, NULL)
#2 /var/www/vendor/php-amqplib/php-amqplib/PhpAmqpLib/Channel/AbstractChannel.php(341): PhpAmqpLib\\Channel\\AbstractChannel->next_frame(NULL)
#3 /var/www/vendor/vladimir-yuldashev/laravel-queue-rabbitmq/src/Consumer.php(149): PhpAmqpLib\\Channel\\AbstractChannel->wait(NULL, true, NULL)
#4 /var/www/vendor/laravel/framework/src/Illuminate/Queue/Console/WorkCommand.php(147): VladimirYuldashev\\LaravelQueueRabbitMQ\\Consumer->daemon('rabbitmq', 'default', Object(Illuminate\\Queue\\WorkerOptions))
#5 /var/www/vendor/laravel/framework/src/Illuminate/Queue/Console/WorkCommand.php(130): Illuminate\\Queue\\Console\\WorkCommand->runWorker('rabbitmq', 'default')
#6 /var/www/vendor/vladimir-yuldashev/laravel-queue-rabbitmq/src/Console/ConsumeCommand.php(48): Illuminate\\Queue\\Console\\WorkCommand->handle()
#7 /var/www/vendor/laravel/framework/src/Illuminate/Container/BoundMethod.php(36): VladimirYuldashev\\LaravelQueueRabbitMQ\\Console\\ConsumeCommand->handle()
#8 /var/www/vendor/laravel/framework/src/Illuminate/Container/Util.php(41): Illuminate\\Container\\BoundMethod::Illuminate\\Container\\{closure}()
#9 /var/www/vendor/laravel/framework/src/Illuminate/Container/BoundMethod.php(93): Illuminate\\Container\\Util::unwrapIfClosure(Object(Closure))
#10 /var/www/vendor/laravel/framework/src/Illuminate/Container/BoundMethod.php(35): Illuminate\\Container\\BoundMethod::callBoundMethod(Object(Illuminate\\Foundation\\Application), Array, Object(Closure))
#11 /var/www/vendor/laravel/framework/src/Illuminate/Container/Container.php(661): Illuminate\\Container\\BoundMethod::call(Object(Illuminate\\Foundation\\Application), Array, Array, NULL)
#12 /var/www/vendor/laravel/framework/src/Illuminate/Console/Command.php(183): Illuminate\\Container\\Container->call(Array)
#13 /var/www/vendor/symfony/console/Command/Command.php(326): Illuminate\\Console\\Command->execute(Object(Symfony\\Component\\Console\\Input\\ArgvInput), Object(Illuminate\\Console\\OutputStyle))
#14 /var/www/vendor/laravel/framework/src/Illuminate/Console/Command.php(152): Symfony\\Component\\Console\\Command\\Command->run(Object(Symfony\\Component\\Console\\Input\\ArgvInput), Object(Illuminate\\Console\\OutputStyle))
#15 /var/www/vendor/symfony/console/Application.php(1078): Illuminate\\Console\\Command->run(Object(Symfony\\Component\\Console\\Input\\ArgvInput), Object(Symfony\\Component\\Console\\Output\\ConsoleOutput))
#16 /var/www/vendor/symfony/console/Application.php(324): Symfony\\Component\\Console\\Application->doRunCommand(Object(VladimirYuldashev\\LaravelQueueRabbitMQ\\Console\\ConsumeCommand), Object(Symfony\\Component\\Console\\Input\\ArgvInput), Object(Symfony\\Component\\Console\\Output\\ConsoleOutput))
#17 /var/www/vendor/symfony/console/Application.php(175): Symfony\\Component\\Console\\Application->doRun(Object(Symfony\\Component\\Console\\Input\\ArgvInput), Object(Symfony\\Component\\Console\\Output\\ConsoleOutput))
#18 /var/www/vendor/laravel/framework/src/Illuminate/Console/Application.php(102): Symfony\\Component\\Console\\Application->run(Object(Symfony\\Component\\Console\\Input\\ArgvInput), Object(Symfony\\Component\\Console\\Output\\ConsoleOutput))
#19 /var/www/vendor/laravel/framework/src/Illuminate/Foundation/Console/Kernel.php(155): Illuminate\\Console\\Application->run(Object(Symfony\\Component\\Console\\Input\\ArgvInput), Object(Symfony\\Component\\Console\\Output\\ConsoleOutput))
#20 /var/www/artisan(35): Illuminate\\Foundation\\Console\\Kernel->handle(Object(Symfony\\Component\\Console\\Input\\ArgvInput), Object(Symfony\\Component\\Console\\Output\\ConsoleOutput))
#21 {main}
"} 
[2024-07-09 13:09:59] local.ERROR: cURL error 28: Operation timed out after 30001 milliseconds with 0 bytes received (see https://curl.haxx.se/libcurl/c/libcurl-errors.html) for http://ip-api.com/php/172.18.0.1  
[2024-07-09 13:11:00] local.ERROR: cURL error 28: Operation timed out after 30001 milliseconds with 0 bytes received (see https://curl.haxx.se/libcurl/c/libcurl-errors.html) for http://ip-api.com/php/172.18.0.1  
[2024-07-09 13:12:00] local.ERROR: cURL error 28: Operation timed out after 30000 milliseconds with 0 bytes received (see https://curl.haxx.se/libcurl/c/libcurl-errors.html) for http://ip-api.com/php/172.18.0.1  
[2024-07-09 13:12:30] local.ERROR: cURL error 28: Operation timed out after 30001 milliseconds with 0 bytes received (see https://curl.haxx.se/libcurl/c/libcurl-errors.html) for http://ip-api.com/php/172.18.0.1  
[2024-07-09 13:13:12] local.ERROR: cURL error 28: Operation timed out after 30001 milliseconds with 0 bytes received (see https://curl.haxx.se/libcurl/c/libcurl-errors.html) for http://ip-api.com/php/172.18.0.1  
[2024-07-09 13:14:14] local.ERROR: cURL error 28: Operation timed out after 30001 milliseconds with 0 bytes received (see https://curl.haxx.se/libcurl/c/libcurl-errors.html) for http://ip-api.com/php/172.18.0.1  
[2024-07-09 13:14:44] local.ERROR: cURL error 28: Operation timed out after 30001 milliseconds with 0 bytes received (see https://curl.haxx.se/libcurl/c/libcurl-errors.html) for http://ip-api.com/php/172.18.0.1  
[2024-07-09 13:15:25] local.ERROR: cURL error 28: Operation timed out after 30001 milliseconds with 0 bytes received (see https://curl.haxx.se/libcurl/c/libcurl-errors.html) for http://ip-api.com/php/172.18.0.1  
[2024-07-09 13:16:36] local.ERROR: cURL error 28: Operation timed out after 30001 milliseconds with 0 bytes received (see https://curl.haxx.se/libcurl/c/libcurl-errors.html) for http://ip-api.com/php/172.18.0.1  
[2024-07-09 13:17:36] local.ERROR: cURL error 28: Operation timed out after 30001 milliseconds with 0 bytes received (see https://curl.haxx.se/libcurl/c/libcurl-errors.html) for http://ip-api.com/php/172.18.0.1  
[2024-07-09 13:18:43] local.ERROR: cURL error 28: Operation timed out after 30001 milliseconds with 0 bytes received (see https://curl.haxx.se/libcurl/c/libcurl-errors.html) for http://ip-api.com/php/172.18.0.1  
[2024-07-09 13:19:56] local.ERROR: cURL error 28: Operation timed out after 30001 milliseconds with 0 bytes received (see https://curl.haxx.se/libcurl/c/libcurl-errors.html) for http://ip-api.com/php/172.18.0.1  
[2024-07-09 13:21:01] local.ERROR: cURL error 28: Operation timed out after 30001 milliseconds with 0 bytes received (see https://curl.haxx.se/libcurl/c/libcurl-errors.html) for http://ip-api.com/php/172.18.0.1  
